<?xml version="1.0" encoding="UTF-8"?>
<!-- Generated by org.testng.reporters.JUnitReportReporter -->
<testsuite hostname="LAPTOP-5KMFOFH9" failures="0" tests="1" name="com.SwagLab.Tests.CheckoutPageTest" time="0.012" errors="0" timestamp="2022-09-04T10:26:03 IST" skipped="0">
  <testcase classname="com.SwagLab.Tests.CheckoutPageTest" name="testcase" time="0.012"/>
  <system-out/>
</testsuite> <!-- com.SwagLab.Tests.CheckoutPageTest -->
