<?xml version="1.0" encoding="UTF-8"?>
<!-- Generated by org.testng.reporters.JUnitReportReporter -->
<testsuite hostname="LAPTOP-5KMFOFH9" failures="0" tests="2" name="com.SwagLab.Tests.AddtocartpageTest" time="0.243" errors="0" timestamp="2022-08-30T10:52:09 IST" skipped="0">
  <testcase classname="com.SwagLab.Tests.AddtocartpageTest" name="cartTest" time="0.164"/>
  <system-out/>
  <testcase classname="com.SwagLab.Tests.AddtocartpageTest" name="checkout" time="0.079"/>
  <system-out/>
</testsuite> <!-- com.SwagLab.Tests.AddtocartpageTest -->
