<?xml version="1.0" encoding="UTF-8"?>
<!-- Generated by org.testng.reporters.JUnitReportReporter -->
<testsuite hostname="LAPTOP-5KMFOFH9" failures="0" tests="1" name="com.SwagLab.Tests.ProductPageTest" time="0.106" errors="0" timestamp="2022-08-29T10:30:54 IST" skipped="0">
  <testcase classname="com.SwagLab.Tests.ProductPageTest" name="ppgae" time="0.106"/>
  <system-out/>
</testsuite> <!-- com.SwagLab.Tests.ProductPageTest -->
